<?xml version="1.0" encoding="UTF-8"?>
<!-- Generated by org.testng.reporters.JUnitReportReporter -->
<testsuite hostname="SAMIR-SITU" failures="0" tests="1" name="testPractice.Tc_01" time="6.104" errors="0" timestamp="2023-11-15T19:32:31 IST" skipped="0">
  <testcase classname="testPractice.Tc_01" name="checklogin" time="6.104"/>
  <system-out/>
</testsuite> <!-- testPractice.Tc_01 -->
