<?xml version="1.0" encoding="UTF-8"?>
<!-- Generated by org.testng.reporters.JUnitReportReporter -->
<testsuite hostname="SAMIR-SITU" failures="0" tests="1" name="testRepo.DatabaseConnection" time="0.188" errors="0" timestamp="2023-11-13T11:49:19 IST" skipped="0">
  <testcase classname="testRepo.DatabaseConnection" name="database" time="0.188"/>
  <system-out/>
</testsuite> <!-- testRepo.DatabaseConnection -->
