<?xml version="1.0" encoding="UTF-8"?>
<!-- Generated by org.testng.reporters.JUnitReportReporter -->
<testsuite hostname="SAMIR-SITU" failures="0" tests="1" name="testRepo.CreateProduct" time="11.136" errors="0" timestamp="2023-11-20T19:57:03 IST" skipped="0">
  <testcase classname="testRepo.CreateProduct" name="createProduct" time="11.136"/>
  <system-out/>
</testsuite> <!-- testRepo.CreateProduct -->
