<?xml version="1.0" encoding="UTF-8"?>
<!-- Generated by org.testng.reporters.JUnitReportReporter -->
<testsuite hostname="SAMIR-SITU" failures="0" tests="1" name="testRepo.CreateOrganization" time="12.152" errors="0" timestamp="2023-11-20T19:50:12 IST" skipped="0">
  <testcase classname="testRepo.CreateOrganization" name="createOrganization" time="12.152"/>
  <system-out/>
</testsuite> <!-- testRepo.CreateOrganization -->
