<?xml version="1.0" encoding="UTF-8"?>
<!-- Generated by org.testng.reporters.JUnitReportReporter -->
<testsuite hostname="SAMIR-SITU" failures="0" tests="1" name="testRepo.CreateContact" time="19.057" errors="0" timestamp="2023-11-20T19:04:01 IST" skipped="0">
  <testcase classname="testRepo.CreateContact" name="createContact" time="19.057"/>
  <system-out/>
</testsuite> <!-- testRepo.CreateContact -->
