<?xml version="1.0" encoding="UTF-8"?>
<!-- Generated by org.testng.reporters.JUnitReportReporter -->
<testsuite hostname="SAMIR-SITU" failures="0" tests="1" name="testRepo.CreateLead" time="11.457" errors="0" timestamp="2023-11-20T19:46:43 IST" skipped="0">
  <testcase classname="testRepo.CreateLead" name="createLead" time="11.457"/>
  <system-out/>
</testsuite> <!-- testRepo.CreateLead -->
