<?xml version="1.0" encoding="UTF-8"?>
<!-- Generated by org.testng.reporters.JUnitReportReporter -->
<testsuite hostname="SAMIR-SITU" failures="0" tests="1" name="testPractice.Tc_00" time="8.350" errors="0" timestamp="2023-11-21T09:15:18 IST" skipped="0">
  <testcase classname="testPractice.Tc_00" name="calendarMod" time="8.350"/>
  <system-out/>
</testsuite> <!-- testPractice.Tc_00 -->
